f:\game_assessment_versions\gameassessment_v9.5\coursework\cmp105app\x64\debug\vc141.pdb
f:\game_assessment_versions\gameassessment_v9.5\coursework\cmp105app\x64\debug\vc141.idb
f:\game_assessment_versions\gameassessment_v9.5\coursework\cmp105app\x64\debug\main.obj
f:\game_assessment_versions\gameassessment_v9.5\coursework\cmp105app\x64\debug\level.obj
f:\game_assessment_versions\gameassessment_v9.5\coursework\cmp105app\x64\debug\heart.obj
f:\game_assessment_versions\gameassessment_v9.5\coursework\cmp105app\x64\debug\vector.obj
f:\game_assessment_versions\gameassessment_v9.5\coursework\cmp105app\x64\debug\tilemap.obj
f:\game_assessment_versions\gameassessment_v9.5\coursework\cmp105app\x64\debug\soundobject.obj
f:\game_assessment_versions\gameassessment_v9.5\coursework\cmp105app\x64\debug\gameobject.obj
f:\game_assessment_versions\gameassessment_v9.5\coursework\cmp105app\x64\debug\musicobject.obj
f:\game_assessment_versions\gameassessment_v9.5\coursework\cmp105app\x64\debug\input.obj
f:\game_assessment_versions\gameassessment_v9.5\coursework\cmp105app\x64\debug\gamestate.obj
f:\game_assessment_versions\gameassessment_v9.5\coursework\cmp105app\x64\debug\collision.obj
f:\game_assessment_versions\gameassessment_v9.5\coursework\cmp105app\x64\debug\audiomanager.obj
f:\game_assessment_versions\gameassessment_v9.5\coursework\cmp105app\x64\debug\animation.obj
f:\game_assessment_versions\gameassessment_v9.5\coursework\cmp105app\x64\debug\enemy.obj
f:\game_assessment_versions\gameassessment_v9.5\coursework\cmp105app\x64\debug\credits.obj
f:\game_assessment_versions\gameassessment_v9.5\coursework\cmp105app\x64\debug\coinmanager.obj
f:\game_assessment_versions\gameassessment_v9.5\coursework\cmp105app\x64\debug\coin.obj
f:\game_assessment_versions\gameassessment_v9.5\coursework\cmp105app\x64\debug\bulletmanager.obj
f:\game_assessment_versions\gameassessment_v9.5\coursework\cmp105app\x64\debug\bullet.obj
f:\game_assessment_versions\gameassessment_v9.5\coursework\cmp105app\x64\debug\boss.obj
f:\game_assessment_versions\gameassessment_v9.5\coursework\cmp105app\x64\debug\tutorial.obj
f:\game_assessment_versions\gameassessment_v9.5\coursework\cmp105app\x64\debug\player.obj
f:\game_assessment_versions\gameassessment_v9.5\coursework\cmp105app\x64\debug\pause.obj
f:\game_assessment_versions\gameassessment_v9.5\coursework\cmp105app\x64\debug\menu.obj
\\stuhome\homedrive6$\1802776\gameassessment_v9.5\coursework\cmp105app\x64\debug\vc141.pdb
\\stuhome\homedrive6$\1802776\gameassessment_v9.5\coursework\cmp105app\x64\debug\vc141.idb
\\stuhome\homedrive6$\1802776\gameassessment_v9.5\coursework\cmp105app\x64\debug\main.obj
\\stuhome\homedrive6$\1802776\gameassessment_v9.5\coursework\cmp105app\x64\debug\level.obj
\\stuhome\homedrive6$\1802776\gameassessment_v9.5\coursework\cmp105app\x64\debug\heart.obj
\\stuhome\homedrive6$\1802776\gameassessment_v9.5\coursework\cmp105app\x64\debug\vector.obj
\\stuhome\homedrive6$\1802776\gameassessment_v9.5\coursework\cmp105app\x64\debug\tilemap.obj
\\stuhome\homedrive6$\1802776\gameassessment_v9.5\coursework\cmp105app\x64\debug\soundobject.obj
\\stuhome\homedrive6$\1802776\gameassessment_v9.5\coursework\cmp105app\x64\debug\gameobject.obj
\\stuhome\homedrive6$\1802776\gameassessment_v9.5\coursework\cmp105app\x64\debug\musicobject.obj
\\stuhome\homedrive6$\1802776\gameassessment_v9.5\coursework\cmp105app\x64\debug\input.obj
\\stuhome\homedrive6$\1802776\gameassessment_v9.5\coursework\cmp105app\x64\debug\gamestate.obj
\\stuhome\homedrive6$\1802776\gameassessment_v9.5\coursework\cmp105app\x64\debug\collision.obj
\\stuhome\homedrive6$\1802776\gameassessment_v9.5\coursework\cmp105app\x64\debug\audiomanager.obj
\\stuhome\homedrive6$\1802776\gameassessment_v9.5\coursework\cmp105app\x64\debug\animation.obj
\\stuhome\homedrive6$\1802776\gameassessment_v9.5\coursework\cmp105app\x64\debug\enemy.obj
\\stuhome\homedrive6$\1802776\gameassessment_v9.5\coursework\cmp105app\x64\debug\credits.obj
\\stuhome\homedrive6$\1802776\gameassessment_v9.5\coursework\cmp105app\x64\debug\coinmanager.obj
\\stuhome\homedrive6$\1802776\gameassessment_v9.5\coursework\cmp105app\x64\debug\coin.obj
\\stuhome\homedrive6$\1802776\gameassessment_v9.5\coursework\cmp105app\x64\debug\bulletmanager.obj
\\stuhome\homedrive6$\1802776\gameassessment_v9.5\coursework\cmp105app\x64\debug\bullet.obj
\\stuhome\homedrive6$\1802776\gameassessment_v9.5\coursework\cmp105app\x64\debug\boss.obj
\\stuhome\homedrive6$\1802776\gameassessment_v9.5\coursework\cmp105app\x64\debug\tutorial.obj
\\stuhome\homedrive6$\1802776\gameassessment_v9.5\coursework\cmp105app\x64\debug\player.obj
\\stuhome\homedrive6$\1802776\gameassessment_v9.5\coursework\cmp105app\x64\debug\pause.obj
\\stuhome\homedrive6$\1802776\gameassessment_v9.5\coursework\cmp105app\x64\debug\menu.obj
f:\game_assessment_versions\gameassessment_v9.5\coursework\x64\debug\cmp105app.ilk
f:\game_assessment_versions\gameassessment_v9.5\coursework\x64\debug\cmp105app.exe
f:\game_assessment_versions\gameassessment_v9.5\coursework\x64\debug\cmp105app.pdb
\\stuhome\homedrive6$\1802776\gameassessment_v9.5\coursework\x64\debug\cmp105app.exe
\\stuhome\homedrive6$\1802776\gameassessment_v9.5\coursework\x64\debug\cmp105app.ilk
\\stuhome\homedrive6$\1802776\gameassessment_v9.5\coursework\x64\debug\cmp105app.pdb
\\stuhome\homedrive6$\1802776\gameassessment_v9.5\coursework\cmp105app\x64\debug\cmp105app.tlog\cl.command.1.tlog
\\stuhome\homedrive6$\1802776\gameassessment_v9.5\coursework\cmp105app\x64\debug\cmp105app.tlog\cl.read.1.tlog
\\stuhome\homedrive6$\1802776\gameassessment_v9.5\coursework\cmp105app\x64\debug\cmp105app.tlog\cl.write.1.tlog
\\stuhome\homedrive6$\1802776\gameassessment_v9.5\coursework\cmp105app\x64\debug\cmp105app.tlog\link.command.1.tlog
\\stuhome\homedrive6$\1802776\gameassessment_v9.5\coursework\cmp105app\x64\debug\cmp105app.tlog\link.read.1.tlog
\\stuhome\homedrive6$\1802776\gameassessment_v9.5\coursework\cmp105app\x64\debug\cmp105app.tlog\link.write.1.tlog
